3/23/2023 1:06:20 PM	This log contains information about the import schema operation into project 'sql_Database' on computer 'DESKTOP-PCH2ING' by user 'John Ryan'.
3/23/2023 1:06:22 PM	Import of database schema has started.
3/23/2023 1:06:27 PM	Gathering database credentials
3/23/2023 1:06:27 PM	Gathering database options
3/23/2023 1:06:27 PM	Gathering generic database scoped configuration option
3/23/2023 1:06:27 PM	Gathering users
3/23/2023 1:06:27 PM	Gathering roles
3/23/2023 1:06:27 PM	Gathering application roles
3/23/2023 1:06:27 PM	Gathering role memberships
3/23/2023 1:06:27 PM	Gathering filegroups
3/23/2023 1:06:27 PM	Gathering full-text catalogs
3/23/2023 1:06:27 PM	Gathering assemblies
3/23/2023 1:06:27 PM	Gathering certificates
3/23/2023 1:06:27 PM	Gathering asymmetric keys
3/23/2023 1:06:27 PM	Gathering symmetric keys
3/23/2023 1:06:27 PM	Gathering encrypted symmetric keys
3/23/2023 1:06:27 PM	Gathering schemas
3/23/2023 1:06:27 PM	Gathering XML schema collections
3/23/2023 1:06:27 PM	Gathering user-defined data types
3/23/2023 1:06:27 PM	Gathering user-defined types
3/23/2023 1:06:27 PM	Gathering table types
3/23/2023 1:06:27 PM	Gathering unique keys for table types
3/23/2023 1:06:27 PM	Gathering primary keys for table types
3/23/2023 1:06:27 PM	Gathering indexes for table types
3/23/2023 1:06:27 PM	Gathering check constraints for table types
3/23/2023 1:06:27 PM	Gathering default constraints for table types
3/23/2023 1:06:27 PM	Gathering partition functions
3/23/2023 1:06:27 PM	Gathering partition schemes
3/23/2023 1:06:27 PM	Gathering functions
3/23/2023 1:06:27 PM	Gathering encrypted functions
3/23/2023 1:06:27 PM	Gathering aggregates
3/23/2023 1:06:27 PM	Gathering procedures
3/23/2023 1:06:27 PM	Gathering encrypted procedures
3/23/2023 1:06:27 PM	Gathering tables
3/23/2023 1:06:27 PM	Gathering primary keys
3/23/2023 1:06:27 PM	Gathering unique constraints
3/23/2023 1:06:27 PM	Gathering foreign keys
3/23/2023 1:06:27 PM	Gathering default constraints
3/23/2023 1:06:27 PM	Gathering check constraints
3/23/2023 1:06:27 PM	Gathering views
3/23/2023 1:06:27 PM	Gathering encrypted views
3/23/2023 1:06:27 PM	Gathering indexes
3/23/2023 1:06:27 PM	Gathering statistics
3/23/2023 1:06:27 PM	Gathering full-text index stoplists
3/23/2023 1:06:27 PM	Gathering search property lists
3/23/2023 1:06:27 PM	Gathering search properties
3/23/2023 1:06:27 PM	Gathering full-text indexes
3/23/2023 1:06:27 PM	Gathering column store indexes
3/23/2023 1:06:27 PM	Gathering spatial indexes
3/23/2023 1:06:27 PM	Gathering XML indexes
3/23/2023 1:06:27 PM	Gathering Selective XML indexes
3/23/2023 1:06:27 PM	Gathering encrypted triggers
3/23/2023 1:06:27 PM	Gathering triggers
3/23/2023 1:06:27 PM	Gathering encrypted and clr ddl triggers
3/23/2023 1:06:27 PM	Gathering ddl triggers
3/23/2023 1:06:27 PM	Creating edge constraints
3/23/2023 1:06:27 PM	Gathering synonyms
3/23/2023 1:06:27 PM	Gathering defaults
3/23/2023 1:06:27 PM	Gathering data constraint uddt bindings
3/23/2023 1:06:27 PM	Gathering rules
3/23/2023 1:06:27 PM	Gathering data constraint uddt bindings
3/23/2023 1:06:27 PM	Gathering message types
3/23/2023 1:06:27 PM	Gathering queues
3/23/2023 1:06:27 PM	Gathering contracts
3/23/2023 1:06:27 PM	Gathering services
3/23/2023 1:06:27 PM	Gathering event notifications
3/23/2023 1:06:27 PM	Gathering remote service bindings
3/23/2023 1:06:27 PM	Gathering broker priorities
3/23/2023 1:06:27 PM	Gathering signatures
3/23/2023 1:06:27 PM	Gathering data compression options
3/23/2023 1:06:27 PM	Gathering sequence types
3/23/2023 1:06:27 PM	Gathering security policies
3/23/2023 1:06:27 PM	Gather column encryption keys
3/23/2023 1:06:27 PM	Gathering column master keys
3/23/2023 1:06:27 PM	Gathering external data sources
3/23/2023 1:06:27 PM	Gathering external file formats
3/23/2023 1:06:27 PM	Gathering external tables
3/23/2023 1:06:27 PM	Gathering extended properties
3/23/2023 1:06:27 PM	Gathering assemblies
3/23/2023 1:06:27 PM	Gathering credentials
3/23/2023 1:06:27 PM	Gathering logins
3/23/2023 1:06:27 PM	Gathering server audits
3/23/2023 1:06:27 PM	Scanning project for duplicate elements
3/23/2023 1:06:27 PM	Finished duplicate element processing
3/23/2023 1:06:28 PM	Finished importing database.
3/23/2023 1:06:28 PM	A summary of the import was saved to the following location: C:\Users\John Ryan\source\repos\Final_Movie_Rental\sql_Database\Import Schema Logs\sql_Database_20230323050620.log
3/23/2023 1:06:28 PM	Click Finish to continue...
